[2024-05-27 17:59:45,165|ERROR|code_encode.py:42] wrong source path!!
[2024-05-27 17:59:45,522|INFO|code_encode.py:25] Create wavve.pyf
[2024-05-27 17:59:45,797|INFO|code_encode.py:25] Create seezn.pyf
[2024-05-27 17:59:46,068|INFO|code_encode.py:25] Create kakaotv.pyf
[2024-05-27 17:59:46,353|INFO|code_encode.py:25] Create cppl.pyf
[2024-05-27 17:59:46,668|INFO|code_encode.py:25] Create dl_watcha.pyf
[2024-05-27 17:59:47,981|INFO|code_encode.py:25] Create mod_basic.pyf
[2024-05-27 17:59:47,001|INFO|code_encode.py:25] Create mod_program.pyf
[2024-05-27 17:59:47,003|INFO|code_encode.py:25] Create mod_recent.pyf
[2024-05-27 17:59:47,363|INFO|code_encode.py:25] Create vmp.pyf
[2024-05-27 17:59:47,380|INFO|code_encode.py:25] Create session.pyf
[2024-05-27 17:59:47,383|INFO|code_encode.py:25] Create cdm.pyf
[2024-05-27 17:59:47,384|INFO|code_encode.py:25] Create deviceconfig.pyf
[2024-05-27 17:59:47,385|INFO|code_encode.py:25] Create key.pyf
[2024-05-27 17:59:47,679|ERROR|code_encode.py:42] wrong source path!!
[2024-05-27 18:00:27,920|ERROR|code_encode.py:42] wrong source path!!
[2024-05-27 18:00:28,242|INFO|code_encode.py:25] Create wavve.pyf
[2024-05-27 18:00:28,516|INFO|code_encode.py:25] Create seezn.pyf
[2024-05-27 18:00:28,782|INFO|code_encode.py:25] Create kakaotv.pyf
[2024-05-27 18:00:29,042|INFO|code_encode.py:25] Create cppl.pyf
[2024-05-27 18:00:29,299|INFO|code_encode.py:25] Create dl_watcha.pyf
[2024-05-27 18:00:29,558|INFO|code_encode.py:25] Create mod_basic.pyf
[2024-05-27 18:00:29,573|INFO|code_encode.py:25] Create mod_program.pyf
[2024-05-27 18:00:29,575|INFO|code_encode.py:25] Create mod_recent.pyf
[2024-05-27 18:00:29,811|INFO|code_encode.py:25] Create vmp.pyf
[2024-05-27 18:00:29,825|INFO|code_encode.py:25] Create session.pyf
[2024-05-27 18:00:29,827|INFO|code_encode.py:25] Create cdm.pyf
[2024-05-27 18:00:29,828|INFO|code_encode.py:25] Create deviceconfig.pyf
[2024-05-27 18:00:29,829|INFO|code_encode.py:25] Create key.pyf
[2024-05-27 18:00:30,073|INFO|code_encode.py:25] Create downloader.pyf
[2024-05-27 18:00:44,476|ERROR|code_encode.py:42] wrong source path!!
[2024-05-27 18:00:44,768|INFO|code_encode.py:25] Create wavve.pyf
[2024-05-27 18:00:45,055|INFO|code_encode.py:25] Create seezn.pyf
[2024-05-27 18:00:45,356|INFO|code_encode.py:25] Create kakaotv.pyf
[2024-05-27 18:00:45,624|INFO|code_encode.py:25] Create cppl.pyf
[2024-05-27 18:00:45,914|INFO|code_encode.py:25] Create dl_watcha.pyf
[2024-05-27 18:00:46,205|INFO|code_encode.py:25] Create mod_basic.pyf
[2024-05-27 18:00:46,220|INFO|code_encode.py:25] Create mod_program.pyf
[2024-05-27 18:00:46,222|INFO|code_encode.py:25] Create mod_recent.pyf
[2024-05-27 18:00:46,559|INFO|code_encode.py:25] Create vmp.pyf
[2024-05-27 18:00:46,580|INFO|code_encode.py:25] Create session.pyf
[2024-05-27 18:00:46,582|INFO|code_encode.py:25] Create cdm.pyf
[2024-05-27 18:00:46,584|INFO|code_encode.py:25] Create deviceconfig.pyf
[2024-05-27 18:00:46,585|INFO|code_encode.py:25] Create key.pyf
[2024-05-27 18:00:46,895|INFO|code_encode.py:25] Create downloader.pyf
[2024-05-27 18:06:56,916|ERROR|code_encode.py:42] wrong source path!!
[2024-05-27 18:06:57,220|INFO|code_encode.py:25] Create wavve.pyf
[2024-05-27 18:06:57,507|INFO|code_encode.py:25] Create seezn.pyf
[2024-05-27 18:06:57,890|INFO|code_encode.py:25] Create kakaotv.pyf
[2024-05-27 18:06:58,197|INFO|code_encode.py:25] Create cppl.pyf
[2024-05-27 18:06:58,560|INFO|code_encode.py:25] Create dl_watcha.pyf
[2024-05-27 18:06:58,897|INFO|code_encode.py:25] Create mod_basic.pyf
[2024-05-27 18:06:58,913|INFO|code_encode.py:25] Create mod_program.pyf
[2024-05-27 18:06:58,915|INFO|code_encode.py:25] Create mod_recent.pyf
[2024-05-27 18:06:59,203|INFO|code_encode.py:25] Create vmp.pyf
[2024-05-27 18:06:59,228|INFO|code_encode.py:25] Create session.pyf
[2024-05-27 18:06:59,230|INFO|code_encode.py:25] Create cdm.pyf
[2024-05-27 18:06:59,231|INFO|code_encode.py:25] Create deviceconfig.pyf
[2024-05-27 18:06:59,232|INFO|code_encode.py:25] Create key.pyf
[2024-05-27 18:06:59,577|INFO|code_encode.py:25] Create downloader.pyf
